c:\jacksonoliverdev\enerverse\enerversevin\int\vc142.pdb
c:\jacksonoliverdev\enerverse\enerversevin\int\vc142.idb
c:\jacksonoliverdev\enerverse\enerversevin\int\enginecalls.obj
c:\jacksonoliverdev\enerverse\enerversevin\int\enerversevin.obj
c:\jacksonoliverdev\enerverse\enerverse\datafiles\mods\enerversevin.lib
c:\jacksonoliverdev\enerverse\enerverse\datafiles\mods\enerversevin.exp
c:\jacksonoliverdev\enerverse\enerverse\datafiles\mods\enerversevin.ilk
c:\jacksonoliverdev\enerverse\enerverse\datafiles\mods\enerversevin.dll
c:\jacksonoliverdev\enerverse\enerverse\datafiles\mods\enerversevin.pdb
d:\enerverse\enerversevin\int\enerversevin.obj
d:\enerverse\enerversevin\int\enginecalls.obj
d:\enerverse\enerversevin\int\vc142.idb
d:\enerverse\enerversevin\int\vc142.pdb
d:\enerverse\enerverse\datafiles\mods\enerversevin.pdb
d:\enerverse\enerverse\datafiles\mods\enerversevin.dll
d:\enerverse\enerverse\datafiles\mods\enerversevin.ilk
d:\enerverse\enerversevin\int\enerversevin.tlog\cl.command.1.tlog
d:\enerverse\enerversevin\int\enerversevin.tlog\cl.read.1.tlog
d:\enerverse\enerversevin\int\enerversevin.tlog\cl.write.1.tlog
d:\enerverse\enerversevin\int\enerversevin.tlog\enerversevin.write.1u.tlog
d:\enerverse\enerversevin\int\enerversevin.tlog\link.command.1.tlog
d:\enerverse\enerversevin\int\enerversevin.tlog\link.read.1.tlog
d:\enerverse\enerversevin\int\enerversevin.tlog\link.write.1.tlog
