d:\enerverse\enerversedecor\int\vc142.pdb
d:\enerverse\enerversedecor\int\vc142.idb
d:\enerverse\enerversedecor\int\enginecalls.obj
d:\enerverse\enerversedecor\int\enerversedecor.obj
d:\enerverse\enerverse\datafiles\mods\enerversedecor.lib
d:\enerverse\enerverse\datafiles\mods\enerversedecor.exp
d:\enerverse\enerverse\datafiles\mods\enerversedecor.ilk
d:\enerverse\enerverse\datafiles\mods\enerversedecor.dll
d:\enerverse\enerverse\datafiles\mods\enerversedecor.pdb
c:\jacksonoliverdev\enerverse\enerversedecor\int\enerversedecor.obj
c:\jacksonoliverdev\enerverse\enerversedecor\int\enginecalls.obj
c:\jacksonoliverdev\enerverse\enerversedecor\int\vc142.idb
c:\jacksonoliverdev\enerverse\enerversedecor\int\vc142.pdb
c:\jacksonoliverdev\enerverse\enerverse\datafiles\mods\enerversedecor.pdb
c:\jacksonoliverdev\enerverse\enerverse\datafiles\mods\enerversedecor.dll
c:\jacksonoliverdev\enerverse\enerverse\datafiles\mods\enerversedecor.ilk
c:\jacksonoliverdev\enerverse\enerversedecor\int\enerversedecor.tlog\cl.command.1.tlog
c:\jacksonoliverdev\enerverse\enerversedecor\int\enerversedecor.tlog\cl.read.1.tlog
c:\jacksonoliverdev\enerverse\enerversedecor\int\enerversedecor.tlog\cl.write.1.tlog
c:\jacksonoliverdev\enerverse\enerversedecor\int\enerversedecor.tlog\enerversedecor.write.1u.tlog
c:\jacksonoliverdev\enerverse\enerversedecor\int\enerversedecor.tlog\link.command.1.tlog
c:\jacksonoliverdev\enerverse\enerversedecor\int\enerversedecor.tlog\link.read.1.tlog
c:\jacksonoliverdev\enerverse\enerversedecor\int\enerversedecor.tlog\link.write.1.tlog
